2023-04-02 21:51:00.732336 - Initialized conversion of CBT1032
2023-04-02 21:51:01.230093 - Received SBGOLOB.CBT505.FILE1032 from FILE1032.XMI 
2023-04-02 21:51:01.232672 - Found $$$#DATE.txt (text/plain) in SBGOLOB.CBT505.FILE1032, moved to FILE1032/$$$#DATE
2023-04-02 21:51:01.234048 - Found $DOC.txt (text/plain) in SBGOLOB.CBT505.FILE1032, moved to FILE1032/$DOC
2023-04-02 21:51:01.235519 - Found $DOC2.txt (text/plain) in SBGOLOB.CBT505.FILE1032, moved to FILE1032/$DOC2
2023-04-02 21:51:01.236701 - Found $INDEX.txt (text/plain) in SBGOLOB.CBT505.FILE1032, moved to FILE1032/$INDEX
2023-04-02 21:51:01.237788 - Found $INSTALL.txt (text/plain) in SBGOLOB.CBT505.FILE1032, moved to FILE1032/$INSTALL
2023-04-02 21:51:01.238936 - Found $README.txt (text/plain) in SBGOLOB.CBT505.FILE1032, moved to FILE1032/$README
2023-04-02 21:51:01.240230 - Found $ZLISTEN.txt (text/plain) in SBGOLOB.CBT505.FILE1032, moved to FILE1032/$ZLISTEN
2023-04-02 21:51:01.241614 - Found @FIL1032.txt (text/plain) in SBGOLOB.CBT505.FILE1032, moved to FILE1032/@FIL1032
2023-04-02 21:51:01.243014 - Found ALLOC.jcl (text/plain) in SBGOLOB.CBT505.FILE1032, moved to FILE1032/ALLOC
2023-04-02 21:51:01.244781 - Found XPCCMD.txt (text/plain) in SBGOLOB.CBT505.FILE1032, moved to FILE1032/XPCCMD
2023-04-02 21:51:01.246345 - Found XPCENF.txt (text/plain) in SBGOLOB.CBT505.FILE1032, moved to FILE1032/XPCENF
2023-04-02 21:51:01.247957 - Found XPCEOM.txt (text/plain) in SBGOLOB.CBT505.FILE1032, moved to FILE1032/XPCEOM
2023-04-02 21:51:01.249440 - Found XPCEOT.txt (text/plain) in SBGOLOB.CBT505.FILE1032, moved to FILE1032/XPCEOT
2023-04-02 21:51:01.250700 - Found XPCFRR.txt (text/plain) in SBGOLOB.CBT505.FILE1032, moved to FILE1032/XPCFRR
2023-04-02 21:51:01.252195 - Found XPCINI.txt (text/plain) in SBGOLOB.CBT505.FILE1032, moved to FILE1032/XPCINI
2023-04-02 21:51:01.253246 - Found XPCMSG.txt (text/plain) in SBGOLOB.CBT505.FILE1032, moved to FILE1032/XPCMSG
2023-04-02 21:51:01.254484 - Found XPCNUC.txt (text/plain) in SBGOLOB.CBT505.FILE1032, moved to FILE1032/XPCNUC
2023-04-02 21:51:01.255526 - Found XPCRTM.txt (text/plain) in SBGOLOB.CBT505.FILE1032, moved to FILE1032/XPCRTM
2023-04-02 21:51:01.257027 - Found XPCSRV.txt (text/plain) in SBGOLOB.CBT505.FILE1032, moved to FILE1032/XPCSRV
2023-04-02 21:51:01.258042 - Found XPCTST.txt (text/plain) in SBGOLOB.CBT505.FILE1032, moved to FILE1032/XPCTST
2023-04-02 21:51:01.259035 - Found XPCWTO.txt (text/plain) in SBGOLOB.CBT505.FILE1032, moved to FILE1032/XPCWTO
2023-04-02 21:51:01.260259 - Found ZAUTH.txt (text/plain) in SBGOLOB.CBT505.FILE1032, moved to FILE1032/ZAUTH
2023-04-02 21:51:01.261411 - Found ZCOPY.txt (text/plain) in SBGOLOB.CBT505.FILE1032, moved to FILE1032/ZCOPY
2023-04-02 21:51:01.262459 - Found ZDYNLPA.txt (text/plain) in SBGOLOB.CBT505.FILE1032, moved to FILE1032/ZDYNLPA
2023-04-02 21:51:01.263583 - Found ZFREMEM.txt (text/plain) in SBGOLOB.CBT505.FILE1032, moved to FILE1032/ZFREMEM
2023-04-02 21:51:01.264653 - Found ZGETMEM.txt (text/plain) in SBGOLOB.CBT505.FILE1032, moved to FILE1032/ZGETMEM
2023-04-02 21:51:01.266026 - Found ZLISTEN.txt (text/plain) in SBGOLOB.CBT505.FILE1032, moved to FILE1032/ZLISTEN
2023-04-02 21:51:01.267071 - Found ZPROT.txt (text/plain) in SBGOLOB.CBT505.FILE1032, moved to FILE1032/ZPROT
2023-04-02 21:51:01.268245 - Found ZXPCLINK.jcl (text/plain) in SBGOLOB.CBT505.FILE1032, moved to FILE1032/ZXPCLINK
2023-04-02 21:51:01.269320 - Found ZXPCRACF.jcl (text/plain) in SBGOLOB.CBT505.FILE1032, moved to FILE1032/ZXPCRACF
2023-04-02 21:51:01.270227 - Found ZZASY.txt (text/plain) in SBGOLOB.CBT505.FILE1032, moved to FILE1032/ZZASY
2023-04-02 21:51:01.271180 - Found ZZCALL.txt (text/plain) in SBGOLOB.CBT505.FILE1032, moved to FILE1032/ZZCALL
2023-04-02 21:51:01.272474 - Found ZZEQU.txt (text/plain) in SBGOLOB.CBT505.FILE1032, moved to FILE1032/ZZEQU
2023-04-02 21:51:01.273737 - Found ZZGBL.txt (text/plain) in SBGOLOB.CBT505.FILE1032, moved to FILE1032/ZZGBL
2023-04-02 21:51:01.274728 - Found ZZMAC.txt (text/plain) in SBGOLOB.CBT505.FILE1032, moved to FILE1032/ZZMAC
2023-04-02 21:51:01.275890 - Found ZZRETRY.txt (text/plain) in SBGOLOB.CBT505.FILE1032, moved to FILE1032/ZZRETRY
2023-04-02 21:51:01.276961 - Found ZZRUN.txt (text/plain) in SBGOLOB.CBT505.FILE1032, moved to FILE1032/ZZRUN
2023-04-02 21:51:01.278080 - Found ZZRWA.txt (text/plain) in SBGOLOB.CBT505.FILE1032, moved to FILE1032/ZZRWA
2023-04-02 21:51:01.279145 - Found ZZTAB.txt (text/plain) in SBGOLOB.CBT505.FILE1032, moved to FILE1032/ZZTAB
2023-04-02 21:51:01.280370 - Found ZZTRC.txt (text/plain) in SBGOLOB.CBT505.FILE1032, moved to FILE1032/ZZTRC
2023-04-02 21:51:01.281461 - Found ZZWTO.txt (text/plain) in SBGOLOB.CBT505.FILE1032, moved to FILE1032/ZZWTO
2023-04-02 21:51:01.282460 - Found ZZXRE.txt (text/plain) in SBGOLOB.CBT505.FILE1032, moved to FILE1032/ZZXRE
2023-04-02 21:51:01.283716 - Found ZZXSA.txt (text/plain) in SBGOLOB.CBT505.FILE1032, moved to FILE1032/ZZXSA
2023-04-02 21:51:01.284882 - Found ZZXVT.txt (text/plain) in SBGOLOB.CBT505.FILE1032, moved to FILE1032/ZZXVT
